0 verbose cli /usr/bin/node /usr/bin/npm
1 info using npm@10.8.2
2 info using node@v20.19.5
3 silly config load:file:/usr/lib/node_modules/npm/npmrc
4 silly config load:file:/home/theia/.cache/typescript/5.4/.npmrc
5 silly config load:file:/home/theia/.npmrc
6 silly config load:file:/usr/etc/npmrc
7 verbose title npm install types-registry@latest
8 verbose argv "install" "--ignore-scripts" "types-registry@latest"
9 verbose logfile logs-max:10 dir:/home/theia/.npm/_logs/2025-12-23T19_58_48_899Z-
10 verbose logfile /home/theia/.npm/_logs/2025-12-23T19_58_48_899Z-debug-0.log
11 silly packumentCache heap:2050490368 maxSize:512622592 maxEntrySize:256311296
12 silly logfile start cleaning logs, removing 2 files
13 silly logfile done cleaning log files
14 silly packumentCache corgi:https://registry.npmjs.org/types-registry cache-miss
15 http fetch GET 200 https://registry.npmjs.org/types-registry 99ms (cache revalidated)
16 silly packumentCache corgi:https://registry.npmjs.org/types-registry set size:614692 disposed:false
17 silly idealTree buildDeps
18 silly fetch manifest types-registry@0.1.751
19 silly packumentCache full:https://registry.npmjs.org/types-registry cache-miss
20 http fetch GET 200 https://registry.npmjs.org/types-registry 65ms (cache revalidated)
21 silly packumentCache full:https://registry.npmjs.org/types-registry set size:1319986 disposed:false
22 silly placeDep ROOT types-registry@0.1.751 REPLACE for:  want: 0.1.751
23 silly reify moves {}
24 silly audit bulk request { 'types-registry': [ '0.1.751' ] }
25 http fetch POST 200 https://registry.npmjs.org/-/npm/v1/security/advisories/bulk 137ms
26 silly audit report {}
27 verbose cwd /home/theia/.cache/typescript/5.4
28 verbose os Linux 6.8.0-88-generic
29 verbose node v20.19.5
30 verbose npm  v10.8.2
31 verbose exit 0
32 info ok
